<?xml version="1.0" encoding="UTF-8"?>
<testsuite name="com.gridnine.testing.FlightFilterImplTest" tests="3" skipped="0" failures="0" errors="0" timestamp="2023-09-04T08:56:28" hostname="MSI" time="0.029">
  <properties/>
  <testcase name="testFilterWhereArrivalBeforeDeparture()" classname="com.gridnine.testing.FlightFilterImplTest" time="0.024"/>
  <testcase name="testFilterWhereGroundTimeMoreThanTwoHours()" classname="com.gridnine.testing.FlightFilterImplTest" time="0.001"/>
  <testcase name="testFilterWhereDepartureBeforeCurrentTime()" classname="com.gridnine.testing.FlightFilterImplTest" time="0.001"/>
  <system-out><![CDATA[]]></system-out>
  <system-err><![CDATA[]]></system-err>
</testsuite>
